-- Table: public.eglams_asset

-- DROP TABLE public.eglams_asset;

CREATE TABLE public.eglams_asset
(
  asset_id character varying(255) NOT NULL,
  asset_category character varying(255),
  shopping_complex_no character varying(255),
  asset_code character varying(255),
  locality character varying(255),
  revenue_ward character varying(255),
  election_ward character varying(255),
  tenant_id character varying(255),
  doorno character varying(255),
  allottee_name character varying(255),
  mobilenumber bigint,
  CONSTRAINT eglams_asset_pkey PRIMARY KEY (asset_id)
)
WITH (
  OIDS=FALSE
);
ALTER TABLE public.eglams_asset
  OWNER TO postgres;

